<?xml version="1.0" encoding="UTF-8"?>
<coverage generated="1763856696914" clover="3.2.0">
  <project timestamp="1763856696915" name="All files">
    <metrics statements="18" coveredstatements="6" conditionals="14" coveredconditionals="5" methods="4" coveredmethods="1" elements="36" coveredelements="12" complexity="0" loc="18" ncloc="18" packages="1" files="1" classes="1"/>
    <file name="main.js" path="C:\Users\Bryan\Desktop\University\Battiolab desktop\main.js">
      <metrics statements="18" coveredstatements="6" conditionals="14" coveredconditionals="5" methods="4" coveredmethods="1"/>
      <line num="1" count="1" type="stmt"/>
      <line num="2" count="1" type="stmt"/>
      <line num="4" count="1" type="cond" truecount="2" falsecount="0"/>
      <line num="7" count="1" type="cond" truecount="1" falsecount="1"/>
      <line num="13" count="0" type="stmt"/>
      <line num="22" count="0" type="stmt"/>
      <line num="24" count="0" type="stmt"/>
      <line num="26" count="0" type="cond" truecount="0" falsecount="2"/>
      <line num="27" count="0" type="stmt"/>
      <line num="31" count="1" type="cond" truecount="2" falsecount="2"/>
      <line num="32" count="0" type="stmt"/>
      <line num="34" count="0" type="stmt"/>
      <line num="35" count="0" type="cond" truecount="0" falsecount="2"/>
      <line num="36" count="0" type="stmt"/>
      <line num="40" count="0" type="stmt"/>
      <line num="41" count="0" type="cond" truecount="0" falsecount="2"/>
      <line num="42" count="0" type="stmt"/>
      <line num="47" count="1" type="stmt"/>
    </file>
  </project>
</coverage>
