{"C:\\Users\\Bryan\\Desktop\\University\\Battiolab desktop\\main.js": {"path":"C:\\Users\\Bryan\\Desktop\\University\\Battiolab desktop\\main.js","statementMap":{"0":{"start":{"line":1,"column":31},"end":{"line":1,"column":50}},"1":{"start":{"line":2,"column":13},"end":{"line":2,"column":28}},"2":{"start":{"line":4,"column":14},"end":{"line":4,"column":98}},"3":{"start":{"line":7,"column":2},"end":{"line":9,"column":59}},"4":{"start":{"line":13,"column":21},"end":{"line":20,"column":4}},"5":{"start":{"line":22,"column":19},"end":{"line":22,"column":32}},"6":{"start":{"line":24,"column":2},"end":{"line":24,"column":37}},"7":{"start":{"line":26,"column":2},"end":{"line":28,"column":3}},"8":{"start":{"line":27,"column":4},"end":{"line":27,"column":42}},"9":{"start":{"line":31,"column":0},"end":{"line":45,"column":1}},"10":{"start":{"line":32,"column":2},"end":{"line":32,"column":37}},"11":{"start":{"line":34,"column":2},"end":{"line":38,"column":5}},"12":{"start":{"line":35,"column":4},"end":{"line":37,"column":5}},"13":{"start":{"line":36,"column":6},"end":{"line":36,"column":17}},"14":{"start":{"line":40,"column":2},"end":{"line":44,"column":5}},"15":{"start":{"line":41,"column":4},"end":{"line":43,"column":5}},"16":{"start":{"line":42,"column":6},"end":{"line":42,"column":21}},"17":{"start":{"line":47,"column":0},"end":{"line":47,"column":33}}},"fnMap":{"0":{"name":"getStartUrl","decl":{"start":{"line":6,"column":9},"end":{"line":6,"column":20}},"loc":{"start":{"line":6,"column":23},"end":{"line":10,"column":1}},"line":6},"1":{"name":"createWindow","decl":{"start":{"line":12,"column":15},"end":{"line":12,"column":27}},"loc":{"start":{"line":12,"column":30},"end":{"line":29,"column":1}},"line":12},"2":{"name":"(anonymous_2)","decl":{"start":{"line":34,"column":30},"end":{"line":34,"column":31}},"loc":{"start":{"line":34,"column":36},"end":{"line":38,"column":3}},"line":34},"3":{"name":"(anonymous_3)","decl":{"start":{"line":40,"column":21},"end":{"line":40,"column":22}},"loc":{"start":{"line":40,"column":27},"end":{"line":44,"column":3}},"line":40}},"branchMap":{"0":{"loc":{"start":{"line":4,"column":14},"end":{"line":4,"column":98}},"type":"binary-expr","locations":[{"start":{"line":4,"column":15},"end":{"line":4,"column":53}},{"start":{"line":4,"column":59},"end":{"line":4,"column":97}}],"line":4},"1":{"loc":{"start":{"line":7,"column":9},"end":{"line":9,"column":58}},"type":"cond-expr","locations":[{"start":{"line":8,"column":6},"end":{"line":8,"column":29}},{"start":{"line":9,"column":6},"end":{"line":9,"column":58}}],"line":7},"2":{"loc":{"start":{"line":26,"column":2},"end":{"line":28,"column":3}},"type":"if","locations":[{"start":{"line":26,"column":2},"end":{"line":28,"column":3}},{"start":{},"end":{}}],"line":26},"3":{"loc":{"start":{"line":31,"column":0},"end":{"line":45,"column":1}},"type":"if","locations":[{"start":{"line":31,"column":0},"end":{"line":45,"column":1}},{"start":{},"end":{}}],"line":31},"4":{"loc":{"start":{"line":31,"column":4},"end":{"line":31,"column":46}},"type":"binary-expr","locations":[{"start":{"line":31,"column":4},"end":{"line":31,"column":7}},{"start":{"line":31,"column":11},"end":{"line":31,"column":46}}],"line":31},"5":{"loc":{"start":{"line":35,"column":4},"end":{"line":37,"column":5}},"type":"if","locations":[{"start":{"line":35,"column":4},"end":{"line":37,"column":5}},{"start":{},"end":{}}],"line":35},"6":{"loc":{"start":{"line":41,"column":4},"end":{"line":43,"column":5}},"type":"if","locations":[{"start":{"line":41,"column":4},"end":{"line":43,"column":5}},{"start":{},"end":{}}],"line":41}},"s":{"0":1,"1":1,"2":1,"3":1,"4":0,"5":0,"6":0,"7":0,"8":0,"9":1,"10":0,"11":0,"12":0,"13":0,"14":0,"15":0,"16":0,"17":1},"f":{"0":1,"1":0,"2":0,"3":0},"b":{"0":[1,1],"1":[0,1],"2":[0,0],"3":[0,1],"4":[1,0],"5":[0,0],"6":[0,0]},"inputSourceMap":null,"_coverageSchema":"1a1c01bbd47fc00a2c39e90264f33305004495a9","hash":"aeaaaf82c0673fbe0349574f9f82337cefffb02a"}
}
