TN:
SF:main.js
FN:6,getStartUrl
FN:12,createWindow
FN:34,(anonymous_2)
FN:40,(anonymous_3)
FNF:4
FNH:1
FNDA:1,getStartUrl
FNDA:0,createWindow
FNDA:0,(anonymous_2)
FNDA:0,(anonymous_3)
DA:1,1
DA:2,1
DA:4,1
DA:7,1
DA:13,0
DA:22,0
DA:24,0
DA:26,0
DA:27,0
DA:31,1
DA:32,0
DA:34,0
DA:35,0
DA:36,0
DA:40,0
DA:41,0
DA:42,0
DA:47,1
LF:18
LH:6
BRDA:4,0,0,1
BRDA:4,0,1,1
BRDA:7,1,0,0
BRDA:7,1,1,1
BRDA:26,2,0,0
BRDA:26,2,1,0
BRDA:31,3,0,0
BRDA:31,3,1,1
BRDA:31,4,0,1
BRDA:31,4,1,0
BRDA:35,5,0,0
BRDA:35,5,1,0
BRDA:41,6,0,0
BRDA:41,6,1,0
BRF:14
BRH:5
end_of_record
